Removed Pin From Net: NetName=XTAL_OUT Pin=X?-3
Removed Pin From Net: NetName=+3.3V Pin=X?-4
Change Component Designator: OldDesignator=C7 NewDesignator=C8
Change Component Designator: OldDesignator=C8 NewDesignator=C9
Change Component Designator: OldDesignator=C9 NewDesignator=C13
Change Component Designator: OldDesignator=C10 NewDesignator=C14
Change Component Designator: OldDesignator=C11 NewDesignator=C15
Change Component Designator: OldDesignator=C12 NewDesignator=C16
Change Component Designator: OldDesignator=C13 NewDesignator=C17
Change Component Designator: OldDesignator=C14 NewDesignator=C18
Change Component Designator: OldDesignator=C15 NewDesignator=C19
Change Component Designator: OldDesignator=C16 NewDesignator=C20
Change Component Designator: OldDesignator=C17 NewDesignator=C21
Change Component Designator: OldDesignator=C18 NewDesignator=C22
Change Component Designator: OldDesignator=C19 NewDesignator=C23
Change Component Designator: OldDesignator=C20 NewDesignator=C24
Change Component Designator: OldDesignator=C21 NewDesignator=C25
Change Component Designator: OldDesignator=C22 NewDesignator=C26
Change Component Designator: OldDesignator=C23 NewDesignator=C27
Change Component Designator: OldDesignator=C24 NewDesignator=C30
Change Component Designator: OldDesignator=C25 NewDesignator=C28
Change Component Designator: OldDesignator=C26 NewDesignator=C29
Change Component Designator: OldDesignator=J4 NewDesignator=J6
Change Component Designator: OldDesignator=J5 NewDesignator=J7
Change Component Designator: OldDesignator=J6 NewDesignator=J4
Change Component Designator: OldDesignator=J7 NewDesignator=J5
Change Component Designator: OldDesignator=R3 NewDesignator=R4
Change Component Designator: OldDesignator=R4 NewDesignator=R5
Change Component Designator: OldDesignator=R5 NewDesignator=R6
Change Component Designator: OldDesignator=R6 NewDesignator=R7
Change Component Designator: OldDesignator=R7 NewDesignator=R8
Change Component Designator: OldDesignator=R8 NewDesignator=R9
Change Component Designator: OldDesignator=R9 NewDesignator=R10
Change Component Designator: OldDesignator=R10 NewDesignator=R11
Change Component Designator: OldDesignator=R11 NewDesignator=R12
Change Component Designator: OldDesignator=R12 NewDesignator=R13
Change Component Designator: OldDesignator=R13 NewDesignator=R14
Change Component Designator: OldDesignator=R14 NewDesignator=R15
Change Component Designator: OldDesignator=R15 NewDesignator=R16
Change Component Designator: OldDesignator=R16 NewDesignator=R18
Change Component Designator: OldDesignator=R17 NewDesignator=R19
Change Component Designator: OldDesignator=R18 NewDesignator=R17
Change Component Designator: OldDesignator=R19 NewDesignator=R20
Change Component Designator: OldDesignator=R20 NewDesignator=R21
Change Component Designator: OldDesignator=R21 NewDesignator=R22
Change Component Designator: OldDesignator=R22 NewDesignator=R23
Change Component Designator: OldDesignator=R23 NewDesignator=R24
Change Component Designator: OldDesignator=X? NewDesignator=X2
Added Component: Designator=C7(0603_C)
Added Component: Designator=C10(0603_C)
Added Component: Designator=C11(0603_C)
Added Component: Designator=C12(0603_C)
Added Component: Designator=L1(L0603)
Add component (AddParameter): Name = "BOM_JLCPCB Part Class"; Value = "Extended Part"; VariantName = "[No Variations]"
Add component (AddParameter): Name = "BOM_Manufacturer"; Value = "FH"; VariantName = "[No Variations]"
Add component (AddParameter): Name = "BOM_Manufacturer Part"; Value = "CBW160808U000T"; VariantName = "[No Variations]"
Add component (AddParameter): Name = "BOM_Supplier"; Value = "LCSC"; VariantName = "[No Variations]"
Add component (AddParameter): Name = "BOM_Supplier Part"; Value = "C139173"; VariantName = "[No Variations]"
Add component (AddParameter): Name = "nameAlias"; Value = "Value"; VariantName = "[No Variations]"
Add component (AddParameter): Name = "spicePre"; Value = "L"; VariantName = "[No Variations]"
Add component (AddParameter): Name = "spiceSymbolName"; Value = "CBW160808U000T"; VariantName = "[No Variations]"
Added Component: Designator=R3(0603 _R)
Added Pin To Net: NetName=XTAL_OUT Pin=C7-1
Added Pin To Net: NetName=GND Pin=C7-2
Added Pin To Net: NetName=GND Pin=C10-2
Added Pin To Net: NetName=GND Pin=C11-2
Added Pin To Net: NetName=GND Pin=C12-2
Added Pin To Net: NetName=+3.3V Pin=L1-1
Added Pin To Net: NetName=XTAL_OUT Pin=R3-2
Added Pin To Net: NetName=GND Pin=X2-1
Change Net Name : Old Net Name=NetC10_2 New Net Name=NetC14_2
Change Net Name : Old Net Name=NetC11_1 New Net Name=NetC15_1
Change Net Name : Old Net Name=NetC24_1 New Net Name=NetC30_1
Change Net Name : Old Net Name=NetC24_2 New Net Name=NetC30_2
Change Net Name : Old Net Name=NetR7_1 New Net Name=NetR8_1
Change Net Name : Old Net Name=NetR10_1 New Net Name=NetR11_1
Change Net Name : Old Net Name=NetR12_1 New Net Name=NetR13_1
Change Net Name : Old Net Name=NetR15_1 New Net Name=NetR16_1
Change Net Name : Old Net Name=NetR16_2 New Net Name=NetR18_2
Change Net Name : Old Net Name=NetR20_1 New Net Name=NetR21_1
Change Net Name : Old Net Name=NetR21_2 New Net Name=NetR22_2
Added Pin To Net: NetName=NetC10_1 Pin=C10-1
Added Pin To Net: NetName=NetC10_1 Pin=C11-1
Added Pin To Net: NetName=NetC10_1 Pin=C12-1
Added Pin To Net: NetName=NetC10_1 Pin=L1-2
Added Pin To Net: NetName=NetC10_1 Pin=X2-4
Added Net: Name=NetC10_1
Added Pin To Net: NetName=NetR3_1 Pin=R3-1
Added Pin To Net: NetName=NetR3_1 Pin=X2-3
Added Net: Name=NetR3_1
Added Member To Class: ClassName=Heater Member=Component C27 10nF
Added Member To Class: ClassName=Heater Member=Component C28 10nF
Added Member To Class: ClassName=Heater Member=Component C29 10nF
Added Member To Class: ClassName=Heater Member=Component C30 10nF,400V
Added Member To Class: ClassName=Heater Member=Component L1 0¦¸
Added Member To Class: ClassName=Heater Member=Component R24 1k¦¸
