Added Component: Designator=C1(0603_C)
Added Component: Designator=C2(0603_C)
Added Component: Designator=C3(0603_C)
Added Component: Designator=C4(0603_C)
Added Component: Designator=C5(0603_C)
Added Component: Designator=C6(0603_C)
Added Component: Designator=C7(0603_C)
Added Component: Designator=C8(0603_C)
Added Component: Designator=C9(0603_C)
Added Component: Designator=C10(0603_C)
Added Component: Designator=C11(0603_C)
Added Component: Designator=C12(0603_C)
Added Component: Designator=C13(0603_C)
Added Component: Designator=C14(0603_C)
Added Component: Designator=C15(0603_C)
Added Component: Designator=C16(0603_C)
Added Component: Designator=C17(0603_C)
Added Component: Designator=C18(0603_C)
Added Component: Designator=C19(0603_C)
Added Component: Designator=C20(0603_C)
Added Component: Designator=C21(0603_C)
Added Component: Designator=C22(0603_C)
Added Component: Designator=C23(0603_C)
Added Component: Designator=C24(0603_C)
Added Component: Designator=C25(0603_C)
Added Component: Designator=C26(0603_C)
Added Component: Designator=C27(0603_C)
Added Component: Designator=C28(0603_C)
Added Component: Designator=C29(0603_C)
Added Component: Designator=C30(2PIN - BigCap)
Added Component: Designator=D1(0603_LED)
Added Component: Designator=D2(0603_LED)
Added Component: Designator=D3(LL-34_L3.5-W1.5-RD)
Add component (AddParameter): Name = "BOM_JLCPCB Part Class"; Value = "Extended Part"; VariantName = "[No Variations]"
Add component (AddParameter): Name = "BOM_Manufacturer"; Value = "SEMTECH"; VariantName = "[No Variations]"
Add component (AddParameter): Name = "BOM_Manufacturer Part"; Value = "ZMM2V0"; VariantName = "[No Variations]"
Add component (AddParameter): Name = "BOM_Supplier"; Value = "LCSC"; VariantName = "[No Variations]"
Add component (AddParameter): Name = "BOM_Supplier Part"; Value = "C8079"; VariantName = "[No Variations]"
Add component (AddParameter): Name = "spicePre"; Value = "D"; VariantName = "[No Variations]"
Add component (AddParameter): Name = "spiceSymbolName"; Value = "ZMM2V0"; VariantName = "[No Variations]"
Added Component: Designator=D4(LL-34_L3.5-W1.5-RD)
Add component (AddParameter): Name = "BOM_JLCPCB Part Class"; Value = "Extended Part"; VariantName = "[No Variations]"
Add component (AddParameter): Name = "BOM_Manufacturer"; Value = "SEMTECH"; VariantName = "[No Variations]"
Add component (AddParameter): Name = "BOM_Manufacturer Part"; Value = "ZMM2V0"; VariantName = "[No Variations]"
Add component (AddParameter): Name = "BOM_Supplier"; Value = "LCSC"; VariantName = "[No Variations]"
Add component (AddParameter): Name = "BOM_Supplier Part"; Value = "C8079"; VariantName = "[No Variations]"
Add component (AddParameter): Name = "spicePre"; Value = "D"; VariantName = "[No Variations]"
Add component (AddParameter): Name = "spiceSymbolName"; Value = "ZMM2V0"; VariantName = "[No Variations]"
Added Component: Designator=J1(Power-AC-2Pin)
Added Component: Designator=J2(USB-C-SMD_TYPEC-304-BCP16)
Added Component: Designator=J3(2PIN)
Added Component: Designator=J4(VBAT)
Added Component: Designator=J5(4PIN)
Added Component: Designator=J6(3Pin)
Added Component: Designator=J7(3Pin)
Added Component: Designator=J8(IPS_8PIN)
Added Component: Designator=J9(CONN-TH_2.54-2P)
Added Component: Designator=L1(L0603)
Add component (AddParameter): Name = "BOM_JLCPCB Part Class"; Value = "Extended Part"; VariantName = "[No Variations]"
Add component (AddParameter): Name = "BOM_Manufacturer"; Value = "FH"; VariantName = "[No Variations]"
Add component (AddParameter): Name = "BOM_Manufacturer Part"; Value = "CBW160808U000T"; VariantName = "[No Variations]"
Add component (AddParameter): Name = "BOM_Supplier"; Value = "LCSC"; VariantName = "[No Variations]"
Add component (AddParameter): Name = "BOM_Supplier Part"; Value = "C139173"; VariantName = "[No Variations]"
Add component (AddParameter): Name = "nameAlias"; Value = "Value"; VariantName = "[No Variations]"
Add component (AddParameter): Name = "spicePre"; Value = "L"; VariantName = "[No Variations]"
Add component (AddParameter): Name = "spiceSymbolName"; Value = "CBW160808U000T"; VariantName = "[No Variations]"
Added Component: Designator=Q1(TO-220-3_L10.0-W4.5-P2.54-L)
Added Component: Designator=Q2(SOT-23-3_NMOS)
Add component (AddParameter): Name = "BOM_Manufacturer"; Value = "Doeshare（德芯)"; VariantName = "[No Variations]"
Add component (AddParameter): Name = "BOM_Manufacturer Part"; Value = "2N7002K"; VariantName = "[No Variations]"
Add component (AddParameter): Name = "BOM_Supplier"; Value = "LCSC"; VariantName = "[No Variations]"
Add component (AddParameter): Name = "BOM_Supplier Part"; Value = "C2931745"; VariantName = "[No Variations]"
Add component (AddParameter): Name = "Contributor"; Value = "LCSC"; VariantName = "[No Variations]"
Add component (AddParameter): Name = "spicePre"; Value = "Q"; VariantName = "[No Variations]"
Add component (AddParameter): Name = "spiceSymbolName"; Value = "2N7002K_C2931745"; VariantName = "[No Variations]"
Added Component: Designator=R1(0603 _R)
Added Component: Designator=R2(0603 _R)
Added Component: Designator=R3(0603 _R)
Added Component: Designator=R4(0603 _R)
Added Component: Designator=R5(0603 _R)
Added Component: Designator=R6(0603 _R)
Added Component: Designator=R7(0603 _R)
Added Component: Designator=R8(0603 _R)
Added Component: Designator=R9(0603 _R)
Added Component: Designator=R10(0603 _R)
Added Component: Designator=R11(0603 _R)
Added Component: Designator=R12(0603 _R)
Added Component: Designator=R13(0603 _R)
Added Component: Designator=R14(0603 _R)
Added Component: Designator=R15(0603 _R)
Added Component: Designator=R16(0603 _R)
Added Component: Designator=R17(0603 _R)
Added Component: Designator=R18(2512_R)
Added Component: Designator=R19(0603 _R)
Added Component: Designator=R20(2512_R)
Added Component: Designator=R21(0603 _R)
Added Component: Designator=R22(0603 _R)
Added Component: Designator=R23(2512_R)
Added Component: Designator=R24(0603 _R)
Added Component: Designator=SW1(SW-SMD_5P-L6.4-W6.2-P4.50-LS8.2-TL)
Added Component: Designator=SW2(SW-SMD_5P-L6.4-W6.2-P4.50-LS8.2-TL)
Added Component: Designator=SW3(SW-SMD_5P-L6.4-W6.2-P4.50-LS8.2-TL)
Added Component: Designator=SW4(EC11)
Added Component: Designator=U1(UFQFPN-48_L7.0-W7.0-P0.50-BL-EP)
Added Component: Designator=U2(AC_TO_DC)
Added Component: Designator=U3(SOT-223-3_L6.5-W3.4-P2.30-LS7.0-BR)
Added Component: Designator=U4(SOP-8_OP)
Added Component: Designator=U5(SOP-8_L5.3-W5.3-P1.27-LS8.0-BL)
Add component (AddParameter): Name = "BOM_JLCPCB Part Class"; Value = "Extended Part"; VariantName = "[No Variations]"
Add component (AddParameter): Name = "BOM_Manufacturer"; Value = "Micronix"; VariantName = "[No Variations]"
Add component (AddParameter): Name = "BOM_Manufacturer Part"; Value = "MX25L8006EM2I-12G"; VariantName = "[No Variations]"
Add component (AddParameter): Name = "BOM_Supplier"; Value = "LCSC"; VariantName = "[No Variations]"
Add component (AddParameter): Name = "BOM_Supplier Part"; Value = "C71947"; VariantName = "[No Variations]"
Add component (AddParameter): Name = "spicePre"; Value = "U"; VariantName = "[No Variations]"
Add component (AddParameter): Name = "spiceSymbolName"; Value = "MX25L8006EM2I-12G"; VariantName = "[No Variations]"
Added Component: Designator=U6(DIP-6_MO)
Added Component: Designator=X1(HC-49US_L11.0-W4.6-P4.88 - duplicate)
Add component (AddParameter): Name = "BOM名称"; Value = "2脚无源脚晶振"; VariantName = "[No Variations]"
Add component (AddParameter): Name = "学习资源"; Value = "www.ooocke.com"; VariantName = "[No Variations]"
Add component (AddParameter): Name = "版权归属"; Value = "源创客"; VariantName = "[No Variations]"
Added Component: Designator=X2(OSC 3225)
Add component (AddParameter): Name = "BOM名称"; Value = "4脚有源晶振"; VariantName = "[No Variations]"
Add component (AddParameter): Name = "学习资源"; Value = "www.ooocke.com"; VariantName = "[No Variations]"
Add component (AddParameter): Name = "版权归属"; Value = "源创客"; VariantName = "[No Variations]"
Added Pin To Net: NetName=+3.3V Pin=C1-1
Added Pin To Net: NetName=GND Pin=C1-2
Added Pin To Net: NetName=+3.3V Pin=C2-1
Added Pin To Net: NetName=GND Pin=C2-2
Added Pin To Net: NetName=NRST Pin=C3-1
Added Pin To Net: NetName=GND Pin=C3-2
Added Pin To Net: NetName=+3.3V Pin=C4-1
Added Pin To Net: NetName=GND Pin=C4-2
Added Pin To Net: NetName=GND Pin=C5-1
Added Pin To Net: NetName=NetC5_2 Pin=C5-2
Added Pin To Net: NetName=GND Pin=C6-1
Added Pin To Net: NetName=+3.3V Pin=C6-2
Added Pin To Net: NetName=XTAL_OUT Pin=C7-1
Added Pin To Net: NetName=GND Pin=C7-2
Added Pin To Net: NetName=XTAL_A Pin=C8-1
Added Pin To Net: NetName=GND Pin=C8-2
Added Pin To Net: NetName=XTAL_B Pin=C9-1
Added Pin To Net: NetName=GND Pin=C9-2
Added Pin To Net: NetName=NetC10_1 Pin=C10-1
Added Pin To Net: NetName=GND Pin=C10-2
Added Pin To Net: NetName=NetC10_1 Pin=C11-1
Added Pin To Net: NetName=GND Pin=C11-2
Added Pin To Net: NetName=NetC10_1 Pin=C12-1
Added Pin To Net: NetName=GND Pin=C12-2
Added Pin To Net: NetName=+3.3V Pin=C13-1
Added Pin To Net: NetName=GND Pin=C13-2
Added Pin To Net: NetName=+3.3V Pin=C14-1
Added Pin To Net: NetName=NetC14_2 Pin=C14-2
Added Pin To Net: NetName=NetC15_1 Pin=C15-1
Added Pin To Net: NetName=+5V Pin=C15-2
Added Pin To Net: NetName=GND Pin=C16-1
Added Pin To Net: NetName=+5V Pin=C16-2
Added Pin To Net: NetName=+3.3V Pin=C17-1
Added Pin To Net: NetName=GND Pin=C17-2
Added Pin To Net: NetName=+3.3V Pin=C18-1
Added Pin To Net: NetName=GND Pin=C18-2
Added Pin To Net: NetName=+3.3V Pin=C19-1
Added Pin To Net: NetName=GND Pin=C19-2
Added Pin To Net: NetName=+3.3V Pin=C20-1
Added Pin To Net: NetName=GND Pin=C20-2
Added Pin To Net: NetName=+3.3V Pin=C21-1
Added Pin To Net: NetName=GND Pin=C21-2
Added Pin To Net: NetName=+5V Pin=C22-1
Added Pin To Net: NetName=GND Pin=C22-2
Added Pin To Net: NetName=+5V Pin=C23-1
Added Pin To Net: NetName=GND Pin=C23-2
Added Pin To Net: NetName=+5V Pin=C24-1
Added Pin To Net: NetName=GND Pin=C24-2
Added Pin To Net: NetName=+5V Pin=C25-1
Added Pin To Net: NetName=GND Pin=C25-2
Added Pin To Net: NetName=+5V Pin=C26-1
Added Pin To Net: NetName=GND Pin=C26-2
Added Pin To Net: NetName=GND Pin=C27-1
Added Pin To Net: NetName=EC11_A Pin=C27-2
Added Pin To Net: NetName=GND Pin=C28-1
Added Pin To Net: NetName=EC11_C Pin=C28-2
Added Pin To Net: NetName=EC11_SW Pin=C29-1
Added Pin To Net: NetName=GND Pin=C29-2
Added Pin To Net: NetName=NetC30_1 Pin=C30-1
Added Pin To Net: NetName=NetC30_2 Pin=C30-2
Added Pin To Net: NetName=NetD1_A Pin=D1-A
Added Pin To Net: NetName=GND Pin=D1-K
Added Pin To Net: NetName=NetD2_A Pin=D2-A
Added Pin To Net: NetName=GND Pin=D2-K
Added Pin To Net: NetName=ADC0 Pin=D3-1
Added Pin To Net: NetName=GND Pin=D3-2
Added Pin To Net: NetName=ADC1 Pin=D4-1
Added Pin To Net: NetName=GND Pin=D4-2
Added Pin To Net: NetName=N Pin=J1-1
Added Pin To Net: NetName=L Pin=J1-2
Added Pin To Net: NetName=GND Pin=J2-13
Added Pin To Net: NetName=GND Pin=J2-14
Added Pin To Net: NetName=GND Pin=J2-15
Added Pin To Net: NetName=GND Pin=J2-16
Added Pin To Net: NetName=GND Pin=J2-A1B12
Added Pin To Net: NetName=NetJ2_A5 Pin=J2-A5
Added Pin To Net: NetName=USB_DP Pin=J2-A6
Added Pin To Net: NetName=USB_DM Pin=J2-A7
Added Pin To Net: NetName=GND Pin=J2-B1A12
Added Pin To Net: NetName=NetJ2_A5 Pin=J2-B5
Added Pin To Net: NetName=USB_DP Pin=J2-B6
Added Pin To Net: NetName=USB_DM Pin=J2-B7
Added Pin To Net: NetName=NetJ3_1 Pin=J3-1
Added Pin To Net: NetName=GND Pin=J3-2
Added Pin To Net: NetName=VBAT Pin=J4-1
Added Pin To Net: NetName=GND Pin=J4-2
Added Pin To Net: NetName=GND Pin=J5-1
Added Pin To Net: NetName=SWDIO Pin=J5-2
Added Pin To Net: NetName=+5V Pin=J5-3
Added Pin To Net: NetName=SWCLK Pin=J5-4
Added Pin To Net: NetName=GND Pin=J6-1
Added Pin To Net: NetName=UART_RX Pin=J6-2
Added Pin To Net: NetName=UART_TX Pin=J6-3
Added Pin To Net: NetName=GND Pin=J7-1
Added Pin To Net: NetName=UART1_RX Pin=J7-2
Added Pin To Net: NetName=UART1_TX Pin=J7-3
Added Pin To Net: NetName=GND Pin=J8-1
Added Pin To Net: NetName=+3.3V Pin=J8-2
Added Pin To Net: NetName=IPS_SCK Pin=J8-3
Added Pin To Net: NetName=IPS_MOSI Pin=J8-4
Added Pin To Net: NetName=IPS_RES Pin=J8-5
Added Pin To Net: NetName=IPS_DC Pin=J8-6
Added Pin To Net: NetName=IPS_CS Pin=J8-7
Added Pin To Net: NetName=IPS_BLK Pin=J8-8
Added Pin To Net: NetName=N Pin=J9-1
Added Pin To Net: NetName=NetC30_1 Pin=J9-2
Added Pin To Net: NetName=+3.3V Pin=L1-1
Added Pin To Net: NetName=NetC10_1 Pin=L1-2
Added Pin To Net: NetName=NetC30_1 Pin=Q1-1
Added Pin To Net: NetName=L Pin=Q1-2
Added Pin To Net: NetName=NetQ1_3 Pin=Q1-3
Added Pin To Net: NetName=NetQ2_1 Pin=Q2-1
Added Pin To Net: NetName=GND Pin=Q2-2
Added Pin To Net: NetName=NetQ2_3 Pin=Q2-3
Added Pin To Net: NetName=NRST Pin=R1-1
Added Pin To Net: NetName=+3.3V Pin=R1-2
Added Pin To Net: NetName=XTAL_A Pin=R2-1
Added Pin To Net: NetName=XTAL_B Pin=R2-2
Added Pin To Net: NetName=NetR3_1 Pin=R3-1
Added Pin To Net: NetName=XTAL_OUT Pin=R3-2
Added Pin To Net: NetName=NetD1_A Pin=R4-1
Added Pin To Net: NetName=+5V Pin=R4-2
Added Pin To Net: NetName=NetD2_A Pin=R5-1
Added Pin To Net: NetName=+3.3V Pin=R5-2
Added Pin To Net: NetName=NetC15_1 Pin=R6-1
Added Pin To Net: NetName=GND Pin=R6-2
Added Pin To Net: NetName=NetC14_2 Pin=R7-1
Added Pin To Net: NetName=GND Pin=R7-2
Added Pin To Net: NetName=NetR8_1 Pin=R8-1
Added Pin To Net: NetName=ADC0 Pin=R8-2
Added Pin To Net: NetName=NetJ3_1 Pin=R9-1
Added Pin To Net: NetName=+3.3V Pin=R9-2
Added Pin To Net: NetName=GND Pin=R10-1
Added Pin To Net: NetName=BOOT1 Pin=R10-2
Added Pin To Net: NetName=NetR11_1 Pin=R11-1
Added Pin To Net: NetName=+3.3V Pin=R11-2
Added Pin To Net: NetName=GND Pin=R12-1
Added Pin To Net: NetName=NetJ2_A5 Pin=R12-2
Added Pin To Net: NetName=NetR13_1 Pin=R13-1
Added Pin To Net: NetName=ADC1 Pin=R13-2
Added Pin To Net: NetName=GND Pin=R14-1
Added Pin To Net: NetName=NetR13_1 Pin=R14-2
Added Pin To Net: NetName=GND Pin=R15-1
Added Pin To Net: NetName=BOOT0 Pin=R15-2
Added Pin To Net: NetName=NetR16_1 Pin=R16-1
Added Pin To Net: NetName=+3.3V Pin=R16-2
Added Pin To Net: NetName=EC11_A Pin=R17-1
Added Pin To Net: NetName=+3.3V Pin=R17-2
Added Pin To Net: NetName=L Pin=R18-1
Added Pin To Net: NetName=NetR18_2 Pin=R18-2
Added Pin To Net: NetName=PWM_Heat Pin=R19-1
Added Pin To Net: NetName=NetQ2_1 Pin=R19-2
Added Pin To Net: NetName=L Pin=R20-1
Added Pin To Net: NetName=NetC30_2 Pin=R20-2
Added Pin To Net: NetName=NetR21_1 Pin=R21-1
Added Pin To Net: NetName=+3.3V Pin=R21-2
Added Pin To Net: NetName=NetQ2_3 Pin=R22-1
Added Pin To Net: NetName=NetR22_2 Pin=R22-2
Added Pin To Net: NetName=NetQ1_3 Pin=R23-1
Added Pin To Net: NetName=NetC30_1 Pin=R23-2
Added Pin To Net: NetName=EC11_C Pin=R24-1
Added Pin To Net: NetName=+3.3V Pin=R24-2
Added Pin To Net: NetName=NRST Pin=SW1-1
Added Pin To Net: NetName=NRST Pin=SW1-1
Added Pin To Net: NetName=GND Pin=SW1-2
Added Pin To Net: NetName=GND Pin=SW1-2
Added Pin To Net: NetName=BOOT1 Pin=SW2-1
Added Pin To Net: NetName=BOOT1 Pin=SW2-1
Added Pin To Net: NetName=NetR11_1 Pin=SW2-2
Added Pin To Net: NetName=NetR11_1 Pin=SW2-2
Added Pin To Net: NetName=BOOT0 Pin=SW3-1
Added Pin To Net: NetName=BOOT0 Pin=SW3-1
Added Pin To Net: NetName=NetR16_1 Pin=SW3-2
Added Pin To Net: NetName=NetR16_1 Pin=SW3-2
Added Pin To Net: NetName=EC11_A Pin=SW4-1
Added Pin To Net: NetName=GND Pin=SW4-2
Added Pin To Net: NetName=EC11_C Pin=SW4-3
Added Pin To Net: NetName=EC11_SW Pin=SW4-4
Added Pin To Net: NetName=NetR21_1 Pin=SW4-5
Added Pin To Net: NetName=VBAT Pin=U1-1
Added Pin To Net: NetName=XTAL_OUT Pin=U1-3
Added Pin To Net: NetName=XTAL_A Pin=U1-5
Added Pin To Net: NetName=XTAL_B Pin=U1-6
Added Pin To Net: NetName=NRST Pin=U1-7
Added Pin To Net: NetName=GND Pin=U1-8
Added Pin To Net: NetName=+3.3V Pin=U1-9
Added Pin To Net: NetName=ADC0 Pin=U1-10
Added Pin To Net: NetName=ADC1 Pin=U1-11
Added Pin To Net: NetName=UART_TX Pin=U1-12
Added Pin To Net: NetName=UART_RX Pin=U1-13
Added Pin To Net: NetName=IPS_CS Pin=U1-14
Added Pin To Net: NetName=IPS_SCK Pin=U1-15
Added Pin To Net: NetName=IPS_MOSI Pin=U1-17
Added Pin To Net: NetName=IPS_RES Pin=U1-18
Added Pin To Net: NetName=IPS_DC Pin=U1-19
Added Pin To Net: NetName=BOOT1 Pin=U1-20
Added Pin To Net: NetName=IPS_BLK Pin=U1-21
Added Pin To Net: NetName=NetC5_2 Pin=U1-22
Added Pin To Net: NetName=GND Pin=U1-23
Added Pin To Net: NetName=+3.3V Pin=U1-24
Added Pin To Net: NetName=EC11_A Pin=U1-25
Added Pin To Net: NetName=EC11_C Pin=U1-26
Added Pin To Net: NetName=EC11_SW Pin=U1-27
Added Pin To Net: NetName=PWM_Heat Pin=U1-30
Added Pin To Net: NetName=UART1_RX Pin=U1-31
Added Pin To Net: NetName=USB_DM Pin=U1-32
Added Pin To Net: NetName=USB_DP Pin=U1-33
Added Pin To Net: NetName=SWDIO Pin=U1-34
Added Pin To Net: NetName=GND Pin=U1-35
Added Pin To Net: NetName=+3.3V Pin=U1-36
Added Pin To Net: NetName=SWCLK Pin=U1-37
Added Pin To Net: NetName=Flash_CS Pin=U1-38
Added Pin To Net: NetName=Flash_CLK Pin=U1-39
Added Pin To Net: NetName=Flash_MISO Pin=U1-40
Added Pin To Net: NetName=Flash_MOSI Pin=U1-41
Added Pin To Net: NetName=UART1_TX Pin=U1-42
Added Pin To Net: NetName=Flash_Hold Pin=U1-43
Added Pin To Net: NetName=BOOT0 Pin=U1-44
Added Pin To Net: NetName=GND Pin=U1-47
Added Pin To Net: NetName=+3.3V Pin=U1-48
Added Pin To Net: NetName=GND Pin=U1-49
Added Pin To Net: NetName=N Pin=U2-1
Added Pin To Net: NetName=L Pin=U2-2
Added Pin To Net: NetName=GND Pin=U2-3
Added Pin To Net: NetName=+5V Pin=U2-4
Added Pin To Net: NetName=GND Pin=U3-1
Added Pin To Net: NetName=+3.3V Pin=U3-2
Added Pin To Net: NetName=+3.3V Pin=U3-2
Added Pin To Net: NetName=+5V Pin=U3-3
Added Pin To Net: NetName=NetR8_1 Pin=U4-1
Added Pin To Net: NetName=NetR8_1 Pin=U4-2
Added Pin To Net: NetName=NetJ3_1 Pin=U4-3
Added Pin To Net: NetName=GND Pin=U4-4
Added Pin To Net: NetName=NetR8_1 Pin=U4-5
Added Pin To Net: NetName=NetR13_1 Pin=U4-6
Added Pin To Net: NetName=ADC1 Pin=U4-7
Added Pin To Net: NetName=+5V Pin=U4-8
Added Pin To Net: NetName=Flash_CS Pin=U5-1
Added Pin To Net: NetName=Flash_MISO Pin=U5-2
Added Pin To Net: NetName=GND Pin=U5-3
Added Pin To Net: NetName=GND Pin=U5-4
Added Pin To Net: NetName=Flash_MOSI Pin=U5-5
Added Pin To Net: NetName=Flash_CLK Pin=U5-6
Added Pin To Net: NetName=Flash_Hold Pin=U5-7
Added Pin To Net: NetName=+3.3V Pin=U5-8
Added Pin To Net: NetName=+5V Pin=U6-1
Added Pin To Net: NetName=NetR22_2 Pin=U6-2
Added Pin To Net: NetName=NetQ1_3 Pin=U6-4
Added Pin To Net: NetName=NetR18_2 Pin=U6-6
Added Pin To Net: NetName=XTAL_A Pin=X1-1
Added Pin To Net: NetName=XTAL_B Pin=X1-2
Added Pin To Net: NetName=GND Pin=X2-1
Added Pin To Net: NetName=GND Pin=X2-2
Added Pin To Net: NetName=NetR3_1 Pin=X2-3
Added Pin To Net: NetName=NetC10_1 Pin=X2-4
Added Member To Class: ClassName=Heater Member=Component C1 100nF
Added Member To Class: ClassName=Heater Member=Component C2 100nF
Added Member To Class: ClassName=Heater Member=Component C3 100nF
Added Member To Class: ClassName=Heater Member=Component C4 100nF
Added Member To Class: ClassName=Heater Member=Component C5 2.2uF
Added Member To Class: ClassName=Heater Member=Component C6 100nF
Added Member To Class: ClassName=Heater Member=Component C7 20pF
Added Member To Class: ClassName=Heater Member=Component C8 20pF
Added Member To Class: ClassName=Heater Member=Component C9 20pF
Added Member To Class: ClassName=Heater Member=Component C10 1uF
Added Member To Class: ClassName=Heater Member=Component C11 100nF
Added Member To Class: ClassName=Heater Member=Component C12 10nF
Added Member To Class: ClassName=Heater Member=Component C13 100nF
Added Member To Class: ClassName=Heater Member=Component C14 10uF
Added Member To Class: ClassName=Heater Member=Component C15 10uF
Added Member To Class: ClassName=Heater Member=Component C16 100nF
Added Member To Class: ClassName=Heater Member=Component C17 100nF
Added Member To Class: ClassName=Heater Member=Component C18 100nF
Added Member To Class: ClassName=Heater Member=Component C19 100nF
Added Member To Class: ClassName=Heater Member=Component C20 100nF
Added Member To Class: ClassName=Heater Member=Component C21 10uF
Added Member To Class: ClassName=Heater Member=Component C22 100nF
Added Member To Class: ClassName=Heater Member=Component C23 100nF
Added Member To Class: ClassName=Heater Member=Component C24 100nF
Added Member To Class: ClassName=Heater Member=Component C25 100nF
Added Member To Class: ClassName=Heater Member=Component C26 10uF
Added Member To Class: ClassName=Heater Member=Component C27 10nF
Added Member To Class: ClassName=Heater Member=Component C28 10nF
Added Member To Class: ClassName=Heater Member=Component C29 10nF
Added Member To Class: ClassName=Heater Member=Component C30 10nF,400V
Added Member To Class: ClassName=Heater Member=Component D1 LED
Added Member To Class: ClassName=Heater Member=Component D2 LED
Added Member To Class: ClassName=Heater Member=Component D3 ZMM2V0
Added Member To Class: ClassName=Heater Member=Component D4 ZMM2V0
Added Member To Class: ClassName=Heater Member=Component J1 2Pin_Power
Added Member To Class: ClassName=Heater Member=Component J2 Type_C_16Pin
Added Member To Class: ClassName=Heater Member=Component J3 NTC
Added Member To Class: ClassName=Heater Member=Component J4 BAT_
Added Member To Class: ClassName=Heater Member=Component J5 SWD
Added Member To Class: ClassName=Heater Member=Component J6 UART_OUT
Added Member To Class: ClassName=Heater Member=Component J7 UART_OUT
Added Member To Class: ClassName=Heater Member=Component J8 IPS
Added Member To Class: ClassName=Heater Member=Component J9 2PIn_To_Heater
Added Member To Class: ClassName=Heater Member=Component L1 0Ω
Added Member To Class: ClassName=Heater Member=Component Q1 BT138-600E
Added Member To Class: ClassName=Heater Member=Component Q2 2N7002K_C2931745
Added Member To Class: ClassName=Heater Member=Component R1 4.7kΩ
Added Member To Class: ClassName=Heater Member=Component R2 1MΩ
Added Member To Class: ClassName=Heater Member=Component R3 33Ω
Added Member To Class: ClassName=Heater Member=Component R4 1kΩ
Added Member To Class: ClassName=Heater Member=Component R5 1kΩ
Added Member To Class: ClassName=Heater Member=Component R6 1Ω
Added Member To Class: ClassName=Heater Member=Component R7 1Ω
Added Member To Class: ClassName=Heater Member=Component R8 1kΩ
Added Member To Class: ClassName=Heater Member=Component R9 130kΩ
Added Member To Class: ClassName=Heater Member=Component R10 10kΩ
Added Member To Class: ClassName=Heater Member=Component R11 1kΩ
Added Member To Class: ClassName=Heater Member=Component R12 5.1kΩ
Added Member To Class: ClassName=Heater Member=Component R13 20kΩ
Added Member To Class: ClassName=Heater Member=Component R14 1kΩ
Added Member To Class: ClassName=Heater Member=Component R15 10kΩ
Added Member To Class: ClassName=Heater Member=Component R16 1kΩ
Added Member To Class: ClassName=Heater Member=Component R17 1kΩ
Added Member To Class: ClassName=Heater Member=Component R18 360Ω,2512
Added Member To Class: ClassName=Heater Member=Component R19 10Ω
Added Member To Class: ClassName=Heater Member=Component R20 39Ω,2512
Added Member To Class: ClassName=Heater Member=Component R21 1kΩ
Added Member To Class: ClassName=Heater Member=Component R22 100Ω
Added Member To Class: ClassName=Heater Member=Component R23 360Ω,2512
Added Member To Class: ClassName=Heater Member=Component R24 1kΩ
Added Member To Class: ClassName=Heater Member=Component SW1 SW
Added Member To Class: ClassName=Heater Member=Component SW2 SW
Added Member To Class: ClassName=Heater Member=Component SW3 SW
Added Member To Class: ClassName=Heater Member=Component SW4 EC11
Added Member To Class: ClassName=Heater Member=Component U1 STM32F401CCU6
Added Member To Class: ClassName=Heater Member=Component U2 AC_DC
Added Member To Class: ClassName=Heater Member=Component U3 AMS117-3.3V
Added Member To Class: ClassName=Heater Member=Component U4 OP
Added Member To Class: ClassName=Heater Member=Component U5 MX25L8006EM2I-12G
Added Member To Class: ClassName=Heater Member=Component U6 MOC3041SR2M
Added Member To Class: ClassName=Heater Member=Component X1 25MHz
Added Member To Class: ClassName=Heater Member=Component X2 32768Hz
Added Room: Name=Heater
