Added Member To Class: ClassName=Heater Member=Component C7 20pF
Added Member To Class: ClassName=Heater Member=Component C9 20pF
Added Member To Class: ClassName=Heater Member=Component C10 1uF
Added Member To Class: ClassName=Heater Member=Component C11 100nF
Added Member To Class: ClassName=Heater Member=Component C12 10nF
Added Member To Class: ClassName=Heater Member=Component C13 100nF
Added Member To Class: ClassName=Heater Member=Component C14 10uF
Added Member To Class: ClassName=Heater Member=Component C15 10uF
Added Member To Class: ClassName=Heater Member=Component C16 100nF
Added Member To Class: ClassName=Heater Member=Component C17 100nF
Added Member To Class: ClassName=Heater Member=Component C18 100nF
Added Member To Class: ClassName=Heater Member=Component C19 100nF
Added Member To Class: ClassName=Heater Member=Component C20 100nF
Added Member To Class: ClassName=Heater Member=Component C21 10uF
Added Member To Class: ClassName=Heater Member=Component C22 100nF
Added Member To Class: ClassName=Heater Member=Component C23 100nF
Added Member To Class: ClassName=Heater Member=Component C24 100nF
Added Member To Class: ClassName=Heater Member=Component C25 100nF
Added Member To Class: ClassName=Heater Member=Component C26 10uF
Added Member To Class: ClassName=Heater Member=Component J6 UART_OUT
Added Member To Class: ClassName=Heater Member=Component J7 UART_OUT
Added Member To Class: ClassName=Heater Member=Component R3 33次
Added Member To Class: ClassName=Heater Member=Component R4 1k次
Added Member To Class: ClassName=Heater Member=Component R6 1次
Added Member To Class: ClassName=Heater Member=Component R8 1k次
Added Member To Class: ClassName=Heater Member=Component R10 10k次
Added Member To Class: ClassName=Heater Member=Component R12 5.1k次
Added Member To Class: ClassName=Heater Member=Component R14 1k次
Added Member To Class: ClassName=Heater Member=Component R16 1k次
Added Member To Class: ClassName=Heater Member=Component R18 360次,2512
Added Member To Class: ClassName=Heater Member=Component R19 10次
Added Member To Class: ClassName=Heater Member=Component R20 39次,2512
Added Member To Class: ClassName=Heater Member=Component R21 1k次
Added Member To Class: ClassName=Heater Member=Component R22 100次
Added Room: Name=Heater
