make.exe all --print-data-base --no-builtin-variables --no-builtin-rules --question
make.exe: *** No rule to make target 'all'.  Stop.

# GNU Make 4.2.1
# Built for x86_64-w64-mingw32
# Copyright (C) 1988-2016 Free Software Foundation, Inc.
# License GPLv3+: GNU GPL version 3 or later <http://gnu.org/licenses/gpl.html>
# This is free software: you are free to change and redistribute it.
# There is NO WARRANTY, to the extent permitted by law.

# Make data base, printed on Sun May 15 12:43:21 2022

# Variables

# 'override' directive
GNUMAKEFLAGS := 
# automatic
<D = $(patsubst %/,%,$(patsubst %\,%,$(dir $<)))
# automatic
?F = $(notdir $?)
# environment
QTMSBUILD = C:\Users\Michael\AppData\Local\QtMsBuild
# default
.SHELLFLAGS := -c
# environment
TEMP_FALSE = C:\Users\Michael\AppData\Local\Temp
# makefile
MAKEFLAGS = pqrR
# environment
VSCODE_LOG_NATIVE = false
# automatic
?D = $(patsubst %/,%,$(patsubst %\,%,$(dir $?)))
# environment
PLATFORMIO_IDE = 2.4.3
# automatic
@D = $(patsubst %/,%,$(patsubst %\,%,$(dir $@)))
# environment
HOMEDRIVE = C:
# automatic
@F = $(notdir $@)
# automatic
^D = $(patsubst %/,%,$(patsubst %\,%,$(dir $^)))
# makefile
CURDIR := d:/EmbeddedProjects/OnGoing/Heater/Software/MainControl/Heater/MDK-ARM
# default
SHELL := sh.exe
# environment
CLION = E:\Program Files\JetBrains\CLion 2021.2\bin;
# environment
WINDIR = C:\Windows
# environment
VSCODE_NLS_CONFIG = {"locale":"en","availableLanguages":{},"_languagePackSupport":true}
# environment
ONEDRIVE = C:\Users\Michael\OneDrive
# environment
PATHEXT = .COM;.EXE;.BAT;.CMD;.VBS;.VBE;.JS;.JSE;.WSF;.WSH;.MSC
# makefile
MAKEFILE_LIST := 
# environment
FPS_BROWSER_USER_PROFILE_STRING = Default
# environment
TMP = D:\User\Temp
# environment
VSCODE_VERBOSE_LOGGING = true
# environment
PROGRAMW6432 = C:\Program Files
# environment
PROGRAMDATA = C:\ProgramData
# environment
VSCODE_IPC_HOOK_EXTHOST = \\.\pipe\vscode-ipc-d4b5b90f-e556-43bb-80de-1e5fc2772a57-sock
# environment
VSCODE_CWD = D:\EmbeddedProjects\OnGoing\Heater\Software\MainControl\Heater\MDK-ARM
# default
MAKE_HOST := x86_64-w64-mingw32
# environment
NO_PROXY = 127.0.0.1
# environment
SW_SIM_HYDRA = C:\Program Files\Common Files\SolidWorks Shared\Simulation Worker Agent\
# environment
COMMONPROGRAMW6432 = C:\Program Files\Common Files
# environment
NIEXTCCOMPILERSUPP = C:\Program Files (x86)\National Instruments\Shared\ExternalCompilerSupport\C\
# environment
PROCESSOR_ARCHITECTURE = AMD64
# environment
USERPROFILE = C:\Users\Michael
# environment
ALLUSERSPROFILE = C:\ProgramData
# environment
VSCODE_LOG_STACK = false
# environment
NUMBER_OF_PROCESSORS = 16
# environment
ELECTRON_RUN_AS_NODE = 1
# default
.FEATURES := target-specific order-only second-expansion else-if shortest-stem undefine oneshell archives jobserver output-sync
# environment
INTELLIJ IDEA = E:\Program Files\JetBrains\IntelliJ IDEA 2021.2.3\bin;
# automatic
%F = $(notdir $%)
# environment
CHROME_CRASHPAD_PIPE_NAME = \\.\pipe\crashpad_18836_AAVTTLMHIEIEPFCM
# environment
SW_SIM_MPIT = INTELMPI
# environment
TMP_FALSE = C:\Users\Michael\AppData\Local\Temp
# environment
EGL_INCLUDE_DIR = E:\RawPrograms\Mali_OpenGL_ES_Emulator-v3.0.4-2-g8d905-Windows-64bit_unsigned\include
# environment
VSCODE_PIPE_LOGGING = true
# environment
COMPUTERNAME = DESKTOP-HISKPE1
# environment
PROGRAMFILES = C:\Program Files
# default
.LOADED := 
# environment
DRIVERDATA = C:\Windows\System32\Drivers\DriverData
# environment
ORIGINAL_XDG_CURRENT_DESKTOP = undefined
# environment
USERNAME = Michael
# environment
PUBLIC = C:\Users\Public
# environment
VSCODE_AMD_ENTRYPOINT = vs/workbench/api/node/extensionHostProcess
# environment
JETBRAINS RIDER = E:\Program Files\JetBrains\JetBrains Rider 2021.2.2\bin;
# environment
VSCODE_CODE_CACHE_PATH = C:\Users\Michael\AppData\Roaming\Code\CachedData\da15b6fd3ef856477bf6f4fb29ba1b7af717770d
# environment
APPLICATION_INSIGHTS_NO_DIAGNOSTIC_CHANNEL = true
# environment
COMMONPROGRAMFILES = C:\Program Files\Common Files
# environment
LOGONSERVER = \\DESKTOP-HISKPE1
# environment
ONEDRIVECONSUMER = C:\Users\Michael\OneDrive
# environment
VSCODE_HANDLES_UNCAUGHT_ERRORS = true
# environment
USERDOMAIN = DESKTOP-HISKPE1
# environment
MIC_LD_LIBRARY_PATH = C:\Program Files (x86)\Common Files\Intel\Shared Libraries\compiler\lib\mic
# environment
MAKELEVEL := 0
# environment
PLATFORMIO_PATH = C:\Users\Michael\.platformio\python3;C:\Program Files (x86)\Common Files\Oracle\Java\javapath;E:\Program Files (x86)\VMware\VMware Workstation\bin\;E:\Program Files\Eclipse Foundation\jdk-8.0.302.8-hotspot\bin;C:\Program Files (x86)\Common Files\Intel\Shared Libraries\redist\intel64\compiler;C:\Windows\system32;C:\Windows;C:\Windows\System32\Wbem;C:\Windows\System32\WindowsPowerShell\v1.0\;C:\Windows\System32\OpenSSH\;C:\Program Files\NVIDIA Corporation\NVIDIA NvDLISR;C:\Program Files\Microsoft SQL Server\130\Tools\Binn\;E:\Program Files\Git\cmd;C:\Program Files\Docker\Docker\resources\bin;C:\ProgramData\DockerDesktop\version-bin;E:\Program Files\MATLAB\R2021a\runtime\win64;E:\Program Files\MATLAB\R2021a\bin;C:\Program Files (x86)\Wolfram Research\WolframScript\;C:\Program Files\Microsoft SQL Server\140\Tools\Binn\;C:\Program Files\Microsoft SQL Server\150\Tools\Binn\;C:\Program Files (x86)\STMicroelectronics\STM32 ST-LINK Utility\ST-LINK Utility;C:\Program Files\dotnet\;E:\Strawberry\c\bin;E:\Strawberry\perl\site\bin;E:\Strawberry\perl\bin;E:\Program Files\CMake\bin;C:\Program Files (x86)\NVIDIA Corporation\PhysX\Common;E:\Program Files\nodejs\;C:\Program Files (x86)\Windows Kits\10\Windows Performance Toolkit\;C:\Program Files\Microsoft SQL Server\Client SDK\ODBC\110\Tools\Binn\;C:\Program Files (x86)\Microsoft SQL Server\120\Tools\Binn\;C:\Program Files\Microsoft SQL Server\120\Tools\Binn\;C:\Program Files\Microsoft SQL Server\120\DTS\Binn\;C:\Program Files (x86)\Windows Kits\8.1\Windows Performance Toolkit\;C:\Program Files\usbipd-win\;E:\RawPrograms\Python3.10\Scripts\;E:\RawPrograms\Python3.10\;C:\Users\Michael\.platformio\penv\Scripts;E:\Qt\Tools\mingw810_64\bin;E:\Qt\Qt6.2.4\bin;E:\Qt\Qt6.2.4\include;E:\Qt\Qt6.2.4\lib;E:\Program Files\JetBrains\CLion 2021.2\bin;;E:\Program Files\JetBrains\PyCharm 2021.2\bin;E:\RawPrograms\gcc-arm-none-eabi-10.3-2021.07\bin;;E:\RawPrograms\gcc-arm-none-eabi-10.3-2021.07\bin;E:\Users\Michael\AppData\Local\Programs\Microsoft VS Code\bin;E:\RawPrograms\Neovim\bin;E:\Program Files\JetBrains\IntelliJ IDEA 2021.2.3\bin;;E:\Program Files\JetBrains\JetBrains Rider 2021.2.2\bin;;E:\RawPrograms\ffmpeg\bin;E:\Qt_AndDepends;C:\Users\Michael\AppData\Roaming\npm;E:\ProgramData\Anaconda3\envs\pytorch1.9.0;E:\ProgramData\Anaconda3;E:\ProgramData\Anaconda3\Scripts;E:\ProgramData\Anaconda3\Library\bin;C:\Users\Michael\AppData\Local\Microsoft\WindowsApps;E:\Xilinx\Vivado\2019.2\bin\unwrapped\win64.o;E:\RawPrograms\ctags;E:\Qt_AndDepends\libclang\bin;E:\Qt_AndDepends\libclang\lib;E:\Qt_AndDepends\libclang\include;E:\Qt_AndDepends\libclang;D:\ProgramPractices\QtAV\ffmpeg\bin;;C:\Program Files (x86)\Common Files\Oracle\Java\javapath;E:\Program Files (x86)\VMware\VMware Workstation\bin\;E:\Program Files\Eclipse Foundation\jdk-8.0.302.8-hotspot\bin;C:\Program Files (x86)\Common Files\Intel\Shared Libraries\redist\intel64\compiler;C:\Windows\system32;C:\Windows;C:\Windows\System32\Wbem;C:\Windows\System32\WindowsPowerShell\v1.0\;C:\Windows\System32\OpenSSH\;C:\Program Files\NVIDIA Corporation\NVIDIA NvDLISR;C:\Program Files\Microsoft SQL Server\130\Tools\Binn\;E:\Program Files\Git\cmd;C:\Program Files\Docker\Docker\resources\bin;C:\ProgramData\DockerDesktop\version-bin;E:\Program Files\MATLAB\R2021a\runtime\win64;E:\Program Files\MATLAB\R2021a\bin;C:\Program Files (x86)\Wolfram Research\WolframScript\;C:\Program Files\Microsoft SQL Server\140\Tools\Binn\;C:\Program Files\Microsoft SQL Server\150\Tools\Binn\;C:\Program Files (x86)\STMicroelectronics\STM32 ST-LINK Utility\ST-LINK Utility;C:\Program Files\dotnet\;E:\Strawberry\c\bin;E:\Strawberry\perl\site\bin;E:\Strawberry\perl\bin;E:\Program Files\CMake\bin;C:\Program Files (x86)\NVIDIA Corporation\PhysX\Common;E:\Program Files\nodejs\;C:\Program Files (x86)\Windows Kits\10\Windows Performance Toolkit\;C:\Program Files\Microsoft SQL Server\Client SDK\ODBC\110\Tools\Binn\;C:\Program Files (x86)\Microsoft SQL Server\120\Tools\Binn\;C:\Program Files\Microsoft SQL Server\120\Tools\Binn\;C:\Program Files\Microsoft SQL Server\120\DTS\Binn\;C:\Program Files (x86)\Windows Kits\8.1\Windows Performance Toolkit\;C:\Program Files\usbipd-win\;E:\RawPrograms\Python3.10\Scripts\;E:\RawPrograms\Python3.10\;C:\Users\Michael\.platformio\penv\Scripts;E:\Qt\Tools\mingw810_64\bin;E:\Qt\Qt6.2.4\bin;E:\Qt\Qt6.2.4\include;E:\Qt\Qt6.2.4\lib;E:\Program Files\JetBrains\CLion 2021.2\bin;;E:\Program Files\JetBrains\PyCharm 2021.2\bin;E:\RawPrograms\gcc-arm-none-eabi-10.3-2021.07\bin;;E:\RawPrograms\gcc-arm-none-eabi-10.3-2021.07\bin;E:\Users\Michael\AppData\Local\Programs\Microsoft VS Code\bin;E:\RawPrograms\Neovim\bin;E:\Program Files\JetBrains\IntelliJ IDEA 2021.2.3\bin;;E:\Program Files\JetBrains\JetBrains Rider 2021.2.2\bin;;E:\RawPrograms\ffmpeg\bin;E:\Qt_AndDepends;C:\Users\Michael\AppData\Roaming\npm;E:\ProgramData\Anaconda3\envs\pytorch1.9.0;E:\ProgramData\Anaconda3;E:\ProgramData\Anaconda3\Scripts;E:\ProgramData\Anaconda3\Library\bin;C:\Users\Michael\AppData\Local\Microsoft\WindowsApps;E:\Xilinx\Vivado\2019.2\bin\unwrapped\win64.o;E:\RawPrograms\ctags;E:\Qt_AndDepends\libclang\bin;E:\Qt_AndDepends\libclang\lib;E:\Qt_AndDepends\libclang\include;E:\Qt_AndDepends\libclang;D:\ProgramPractices\QtAV\ffmpeg\bin;
# environment
HAVE_EGL = 1
# default
MAKE = $(MAKE_COMMAND)
# default
MAKECMDGOALS := all
# environment
PATH = C:\Program Files (x86)\Common Files\Oracle\Java\javapath;E:\Program Files (x86)\VMware\VMware Workstation\bin\;E:\Program Files\Eclipse Foundation\jdk-8.0.302.8-hotspot\bin;C:\Program Files (x86)\Common Files\Intel\Shared Libraries\redist\intel64\compiler;C:\Windows\system32;C:\Windows;C:\Windows\System32\Wbem;C:\Windows\System32\WindowsPowerShell\v1.0\;C:\Windows\System32\OpenSSH\;C:\Program Files\NVIDIA Corporation\NVIDIA NvDLISR;C:\Program Files\Microsoft SQL Server\130\Tools\Binn\;E:\Program Files\Git\cmd;C:\Program Files\Docker\Docker\resources\bin;C:\ProgramData\DockerDesktop\version-bin;E:\Program Files\MATLAB\R2021a\runtime\win64;E:\Program Files\MATLAB\R2021a\bin;C:\Program Files (x86)\Wolfram Research\WolframScript\;C:\Program Files\Microsoft SQL Server\140\Tools\Binn\;C:\Program Files\Microsoft SQL Server\150\Tools\Binn\;C:\Program Files (x86)\STMicroelectronics\STM32 ST-LINK Utility\ST-LINK Utility;C:\Program Files\dotnet\;E:\Strawberry\c\bin;E:\Strawberry\perl\site\bin;E:\Strawberry\perl\bin;E:\Program Files\CMake\bin;C:\Program Files (x86)\NVIDIA Corporation\PhysX\Common;E:\Program Files\nodejs\;C:\Program Files (x86)\Windows Kits\10\Windows Performance Toolkit\;C:\Program Files\Microsoft SQL Server\Client SDK\ODBC\110\Tools\Binn\;C:\Program Files (x86)\Microsoft SQL Server\120\Tools\Binn\;C:\Program Files\Microsoft SQL Server\120\Tools\Binn\;C:\Program Files\Microsoft SQL Server\120\DTS\Binn\;C:\Program Files (x86)\Windows Kits\8.1\Windows Performance Toolkit\;C:\Program Files\usbipd-win\;E:\RawPrograms\Python3.10\Scripts\;E:\RawPrograms\Python3.10\;C:\Users\Michael\.platformio\penv\Scripts;E:\Qt\Tools\mingw810_64\bin;E:\Qt\Qt6.2.4\bin;E:\Qt\Qt6.2.4\include;E:\Qt\Qt6.2.4\lib;E:\Program Files\JetBrains\CLion 2021.2\bin;;E:\Program Files\JetBrains\PyCharm 2021.2\bin;E:\RawPrograms\gcc-arm-none-eabi-10.3-2021.07\bin;;E:\RawPrograms\gcc-arm-none-eabi-10.3-2021.07\bin;E:\Users\Michael\AppData\Local\Programs\Microsoft VS Code\bin;E:\RawPrograms\Neovim\bin;E:\Program Files\JetBrains\IntelliJ IDEA 2021.2.3\bin;;E:\Program Files\JetBrains\JetBrains Rider 2021.2.2\bin;;E:\RawPrograms\ffmpeg\bin;E:\Qt_AndDepends;C:\Users\Michael\AppData\Roaming\npm;E:\ProgramData\Anaconda3\envs\pytorch1.9.0;E:\ProgramData\Anaconda3;E:\ProgramData\Anaconda3\Scripts;E:\ProgramData\Anaconda3\Library\bin;C:\Users\Michael\AppData\Local\Microsoft\WindowsApps;E:\Xilinx\Vivado\2019.2\bin\unwrapped\win64.o;E:\RawPrograms\ctags;E:\Qt_AndDepends\libclang\bin;E:\Qt_AndDepends\libclang\lib;E:\Qt_AndDepends\libclang\include;E:\Qt_AndDepends\libclang;D:\ProgramPractices\QtAV\ffmpeg\bin;
# default
MAKE_VERSION := 4.2.1
# makefile
.DEFAULT_GOAL := 
# environment
PROGRAMFILES(X86) = C:\Program Files (x86)
# automatic
%D = $(patsubst %/,%,$(patsubst %\,%,$(dir $%)))
# environment
LOCALAPPDATA = C:\Users\Michael\AppData\Local
# environment
EGL_LIBRARY = E:\RawPrograms\Mali_OpenGL_ES_Emulator-v3.0.4-2-g8d905-Windows-64bit_unsigned
# default
MAKE_COMMAND := make.exe
# default
.VARIABLES := 
# automatic
*F = $(notdir $*)
# environment
PROCESSOR_IDENTIFIER = AMD64 Family 25 Model 80 Stepping 0, AuthenticAMD
# environment
OS = Windows_NT
# environment
VSCODE_IPC_HOOK = \\.\pipe\6da227a2df6deb017bba7724e4156e30-1.67.1-main-sock
# environment
HOMEPATH = \Users\Michael
# environment
COMMONPROGRAMFILES(X86) = C:\Program Files (x86)\Common Files
# environment
PROMPT = $P$G
# environment
MFLAGS = -pqrR
# automatic
*D = $(patsubst %/,%,$(patsubst %\,%,$(dir $*)))
# environment
IDF_PATH = E:\esp-idf
# environment
INTEL_DEV_REDIST = C:\Program Files (x86)\Common Files\Intel\Shared Libraries\
# environment
SYSTEMROOT = C:\Windows
# automatic
+D = $(patsubst %/,%,$(patsubst %\,%,$(dir $+)))
# automatic
+F = $(notdir $+)
# environment
APPDATA = C:\Users\Michael\AppData\Roaming
# environment
TEMP = D:\User\Temp
# environment
COMSPEC = C:\Windows\system32\cmd.exe
# default
MAKEFILES := 
# environment
IDF_TOOLS_PATH = E:\espressif
# automatic
<F = $(notdir $<)
# environment
PLATFORMIO_CALLER = vscode
# environment
LC_ALL = C
# environment
SW_SIM_TEMP = C:\ProgramData\SOLIDWORKS\SW_net_sim_temp\
# automatic
^F = $(notdir $^)
# default
SUFFIXES := 
# environment
SYSTEMDRIVE = C:
# environment
SESSIONNAME = Console
# environment
PROCESSOR_REVISION = 5000
# environment
PYCHARM = E:\Program Files\JetBrains\PyCharm 2021.2\bin;E:\RawPrograms\gcc-arm-none-eabi-10.3-2021.07\bin;
# environment
MOZ_PLUGIN_PATH = E:\Program Files (x86)\Foxit Software\Foxit PDF Reader\plugins\
# default
.RECIPEPREFIX := 
# environment
PSMODULEPATH = C:\Program Files\WindowsPowerShell\Modules;C:\Windows\system32\WindowsPowerShell\v1.0\Modules;C:\Program Files (x86)\Microsoft SQL Server\120\Tools\PowerShell\Modules\
# environment
LANG = C
# environment
PROCESSOR_LEVEL = 25
# environment
FPS_BROWSER_APP_PROFILE_STRING = Internet Explorer
# environment
VSCODE_PID = 18836
# environment
USERDOMAIN_ROAMINGPROFILE = DESKTOP-HISKPE1
# variable set hash-table stats:
# Load=116/1024=11%, Rehash=0, Collisions=21/134=16%

# Pattern-specific Variable Values

# No pattern-specific variable values.

# Directories

# . (key d:/EmbeddedProjects/OnGoing/Heater/Software/MainControl/Heater/MDK-ARM, mtime 1652589686): 12 files, no impossibilities.

# 12 files, no impossibilities in 1 directories.

# Implicit Rules

# No implicit rules.

# Files

# Not a target:
all:
#  Command line target.
#  Implicit rule search has been done.
#  File does not exist.
#  File has not been updated.

# Not a target:
Makefile:
#  Implicit rule search has been done.
#  File does not exist.
#  File has been updated.
#  Failed to be updated.

# Not a target:
makefile:
#  Implicit rule search has been done.
#  File does not exist.
#  File has been updated.
#  Failed to be updated.

# Not a target:
makefile.mak:
#  Implicit rule search has been done.
#  File does not exist.
#  File has been updated.
#  Failed to be updated.

# Not a target:
.DEFAULT:
#  Implicit rule search has not been done.
#  Modification time never checked.
#  File has not been updated.

# Not a target:
GNUmakefile:
#  Implicit rule search has been done.
#  File does not exist.
#  File has been updated.
#  Failed to be updated.

# files hash-table stats:
# Load=7/1024=1%, Rehash=0, Collisions=0/16=0%
# VPATH Search Paths

# No 'vpath' search paths.

# No general ('VPATH' variable) search path.

# strcache buffers: 1 (0) / strings = 19 / storage = 222 B / avg = 11 B
# current buf: size = 8162 B / used = 222 B / count = 19 / avg = 11 B

# strcache performance: lookups = 21 / hit rate = 9%
# hash-table stats:
# Load=19/8192=0%, Rehash=0, Collisions=1/21=5%
# Finished Make data base on Sun May 15 12:43:21 2022

 
