*** Using Compiler 'V6.10.1', folder: 'E:\Keil_v5\ARM\ARMCLANG\Bin'
Build target 'Heater'
assembling startup_stm32f401xc.s...
compiling gpio.c...
compiling tim.c...
compiling main.c...
compiling adc.c...
compiling spi.c...
compiling stm32f4xx_hal_msp.c...
compiling freertos.c...
compiling rtc.c...
compiling usbd_cdc_if.c...
compiling usb_device.c...
compiling stm32f4xx_hal_timebase_tim.c...
compiling usart.c...
compiling usbd_desc.c...
compiling stm32f4xx_it.c...
compiling usbd_conf.c...
compiling process.cpp...
compiling temp.cpp...
../User/Src/ctrl.cpp(227): warning: expression result unused [-Wunused-value]
    curveControl.TargetTime;
    ~~~~~~~~~~~~ ^~~~~~~~~~
../User/Src/ctrl.cpp(228): warning: expression result unused [-Wunused-value]
    curveControl.TargetTemperature;
    ~~~~~~~~~~~~ ^~~~~~~~~~~~~~~~~
../User/Src/ctrl.cpp(229): warning: expression result unused [-Wunused-value]
    CurveControl::HeatingMode::IDLE;
    ^~~~~~~~~~~~~~~~~~~~~~~~~~~~~~~
3 warnings generated.
compiling ctrl.cpp...
compiling stm32f4xx_hal_pcd_ex.c...
compiling stm32f4xx_hal_flash_ramfunc.c...
compiling stm32f4xx_hal_rcc_ex.c...
compiling curve.cpp...
compiling lcd.cpp...
compiling fontlib.cpp...
compiling stm32f4xx_hal_flash.c...
compiling stm32f4xx_hal_flash_ex.c...
compiling stm32f4xx_hal_rcc.c...
compiling stm32f4xx_hal_pcd.c...
compiling stm32f4xx_hal_gpio.c...
compiling stm32f4xx_ll_usb.c...
compiling stm32f4xx_hal_pwr.c...
compiling stm32f4xx_hal_pwr_ex.c...
compiling stm32f4xx_hal_exti.c...
compiling stm32f4xx_hal_cortex.c...
compiling stm32f4xx_hal_dma_ex.c...
compiling stm32f4xx_hal.c...
compiling stm32f4xx_hal_dma.c...
compiling stm32f4xx_hal_adc.c...
compiling stm32f4xx_hal_adc_ex.c...
compiling stm32f4xx_hal_rtc.c...
compiling stm32f4xx_hal_rtc_ex.c...
compiling croutine.c...
compiling system_stm32f4xx.c...
compiling list.c...
compiling stm32f4xx_hal_spi.c...
compiling stm32f4xx_hal_tim_ex.c...
compiling event_groups.c...
compiling timers.c...
compiling stm32f4xx_hal_uart.c...
compiling stream_buffer.c...
compiling heap_4.c...
compiling queue.c...
compiling tasks.c...
compiling cmsis_os.c...
compiling port.c...
compiling stm32f4xx_hal_tim.c...
compiling usbd_ioreq.c...
compiling usbd_core.c...
compiling usbd_ctlreq.c...
compiling usbd_cdc.c...
linking...
Program Size: Code=27900 RO-data=13816 RW-data=580 ZI-data=24572  
FromELF: creating hex file...
"Heater\Heater.axf" - 0 Error(s), 3 Warning(s).
Build Time Elapsed:  00:00:04
